<?xml version="1.0" encoding="UTF-8"?>
<testsuite xmlns:xsi="http://www.w3.org/2001/XMLSchema-instance" xsi:noNamespaceSchemaLocation="https://maven.apache.org/surefire/maven-surefire-plugin/xsd/surefire-test-report.xsd" name="com.emailsystem.test.TestMailModule" time="269.012" tests="16" errors="0" skipped="0" failures="0">
  <properties>
    <property name="sun.desktop" value="windows"/>
    <property name="awt.toolkit" value="sun.awt.windows.WToolkit"/>
    <property name="file.encoding.pkg" value="sun.io"/>
    <property name="java.specification.version" value="1.8"/>
    <property name="sun.cpu.isalist" value="amd64"/>
    <property name="sun.jnu.encoding" value="Cp1252"/>
    <property name="java.class.path" value="C:\Users\GamingDanik\Desktop\EmailProject\target\test-classes;C:\Users\GamingDanik\Desktop\EmailProject\target\classes;C:\Users\GamingDanik\.m2\repository\org\jodd\jodd-mail\5.0.4\jodd-mail-5.0.4.jar;C:\Users\GamingDanik\.m2\repository\org\jodd\jodd-core\5.0.4\jodd-core-5.0.4.jar;C:\Users\GamingDanik\.m2\repository\javax\mail\javax.mail-api\1.6.1\javax.mail-api-1.6.1.jar;C:\Users\GamingDanik\.m2\repository\javax\activation\activation\1.1\activation-1.1.jar;C:\Users\GamingDanik\.m2\repository\com\sun\mail\javax.mail\1.6.1\javax.mail-1.6.1.jar;C:\Users\GamingDanik\.m2\repository\org\slf4j\slf4j-api\1.7.25\slf4j-api-1.7.25.jar;C:\Users\GamingDanik\.m2\repository\org\apache\logging\log4j\log4j-slf4j-impl\2.11.0\log4j-slf4j-impl-2.11.0.jar;C:\Users\GamingDanik\.m2\repository\org\apache\logging\log4j\log4j-api\2.11.0\log4j-api-2.11.0.jar;C:\Users\GamingDanik\.m2\repository\org\apache\logging\log4j\log4j-core\2.11.0\log4j-core-2.11.0.jar;C:\Users\GamingDanik\.m2\repository\junit\junit\4.12\junit-4.12.jar;C:\Users\GamingDanik\.m2\repository\org\hamcrest\hamcrest-core\1.3\hamcrest-core-1.3.jar;"/>
    <property name="java.vm.vendor" value="Oracle Corporation"/>
    <property name="sun.arch.data.model" value="64"/>
    <property name="user.variant" value=""/>
    <property name="java.vendor.url" value="http://java.oracle.com/"/>
    <property name="user.timezone" value="America/New_York"/>
    <property name="java.vm.specification.version" value="1.8"/>
    <property name="os.name" value="Windows 10"/>
    <property name="sun.java.launcher" value="SUN_STANDARD"/>
    <property name="user.country" value="CA"/>
    <property name="sun.boot.library.path" value="C:\Program Files\Java\jdk1.8.0_181\jre\bin"/>
    <property name="sun.java.command" value="C:\Users\GAMING~1\AppData\Local\Temp\surefire6683360815548715893\surefirebooter2444415164569256120.jar C:\Users\GamingDanik\AppData\Local\Temp\surefire6683360815548715893 2018-09-17T00-37-26_754-jvmRun1 surefire5632736956012939895tmp surefire_0863909944427932847tmp"/>
    <property name="surefire.test.class.path" value="C:\Users\GamingDanik\Desktop\EmailProject\target\test-classes;C:\Users\GamingDanik\Desktop\EmailProject\target\classes;C:\Users\GamingDanik\.m2\repository\org\jodd\jodd-mail\5.0.4\jodd-mail-5.0.4.jar;C:\Users\GamingDanik\.m2\repository\org\jodd\jodd-core\5.0.4\jodd-core-5.0.4.jar;C:\Users\GamingDanik\.m2\repository\javax\mail\javax.mail-api\1.6.1\javax.mail-api-1.6.1.jar;C:\Users\GamingDanik\.m2\repository\javax\activation\activation\1.1\activation-1.1.jar;C:\Users\GamingDanik\.m2\repository\com\sun\mail\javax.mail\1.6.1\javax.mail-1.6.1.jar;C:\Users\GamingDanik\.m2\repository\org\slf4j\slf4j-api\1.7.25\slf4j-api-1.7.25.jar;C:\Users\GamingDanik\.m2\repository\org\apache\logging\log4j\log4j-slf4j-impl\2.11.0\log4j-slf4j-impl-2.11.0.jar;C:\Users\GamingDanik\.m2\repository\org\apache\logging\log4j\log4j-api\2.11.0\log4j-api-2.11.0.jar;C:\Users\GamingDanik\.m2\repository\org\apache\logging\log4j\log4j-core\2.11.0\log4j-core-2.11.0.jar;C:\Users\GamingDanik\.m2\repository\junit\junit\4.12\junit-4.12.jar;C:\Users\GamingDanik\.m2\repository\org\hamcrest\hamcrest-core\1.3\hamcrest-core-1.3.jar;"/>
    <property name="sun.cpu.endian" value="little"/>
    <property name="user.home" value="C:\Users\GamingDanik"/>
    <property name="user.language" value="en"/>
    <property name="java.specification.vendor" value="Oracle Corporation"/>
    <property name="java.home" value="C:\Program Files\Java\jdk1.8.0_181\jre"/>
    <property name="basedir" value="C:\Users\GamingDanik\Desktop\EmailProject"/>
    <property name="file.separator" value="\"/>
    <property name="line.separator" value="&#10;"/>
    <property name="java.vm.specification.vendor" value="Oracle Corporation"/>
    <property name="java.specification.name" value="Java Platform API Specification"/>
    <property name="java.awt.graphicsenv" value="sun.awt.Win32GraphicsEnvironment"/>
    <property name="surefire.real.class.path" value="C:\Users\GAMING~1\AppData\Local\Temp\surefire6683360815548715893\surefirebooter2444415164569256120.jar"/>
    <property name="sun.boot.class.path" value="C:\Program Files\Java\jdk1.8.0_181\jre\lib\resources.jar;C:\Program Files\Java\jdk1.8.0_181\jre\lib\rt.jar;C:\Program Files\Java\jdk1.8.0_181\jre\lib\sunrsasign.jar;C:\Program Files\Java\jdk1.8.0_181\jre\lib\jsse.jar;C:\Program Files\Java\jdk1.8.0_181\jre\lib\jce.jar;C:\Program Files\Java\jdk1.8.0_181\jre\lib\charsets.jar;C:\Program Files\Java\jdk1.8.0_181\jre\lib\jfr.jar;C:\Program Files\Java\jdk1.8.0_181\jre\classes"/>
    <property name="user.script" value=""/>
    <property name="sun.management.compiler" value="HotSpot 64-Bit Tiered Compilers"/>
    <property name="java.runtime.version" value="1.8.0_181-b13"/>
    <property name="user.name" value="GamingDanik"/>
    <property name="path.separator" value=";"/>
    <property name="os.version" value="10.0"/>
    <property name="java.endorsed.dirs" value="C:\Program Files\Java\jdk1.8.0_181\jre\lib\endorsed"/>
    <property name="java.runtime.name" value="Java(TM) SE Runtime Environment"/>
    <property name="file.encoding" value="UTF-8"/>
    <property name="java.vm.name" value="Java HotSpot(TM) 64-Bit Server VM"/>
    <property name="maven.ext.class.path" value="C:\Program Files (x86)\NetBeans 8.2\java\maven-nblib\netbeans-eventspy.jar"/>
    <property name="localRepository" value="C:\Users\GamingDanik\.m2\repository"/>
    <property name="java.vendor.url.bug" value="http://bugreport.sun.com/bugreport/"/>
    <property name="java.io.tmpdir" value="C:\Users\GAMING~1\AppData\Local\Temp\"/>
    <property name="java.version" value="1.8.0_181"/>
    <property name="user.dir" value="C:\Users\GamingDanik\Desktop\EmailProject"/>
    <property name="os.arch" value="amd64"/>
    <property name="java.vm.specification.name" value="Java Virtual Machine Specification"/>
    <property name="java.awt.printerjob" value="sun.awt.windows.WPrinterJob"/>
    <property name="sun.os.patch.level" value=""/>
    <property name="java.library.path" value="C:\Program Files\Java\jdk1.8.0_181\jre\bin;C:\WINDOWS\Sun\Java\bin;C:\WINDOWS\system32;C:\WINDOWS;C:\Program Files (x86)\Common Files\Oracle\Java\javapath;C:\Windows\system32;C:\Windows;C:\Windows\System32\Wbem;C:\Windows\System32\WindowsPowerShell\v1.0\;C:\Program Files (x86)\NVIDIA Corporation\PhysX\Common;C:\Program Files (x86)\Skype\Phone\;C:\WINDOWS\system32;C:\WINDOWS;C:\WINDOWS\System32\Wbem;C:\WINDOWS\System32\WindowsPowerShell\v1.0\;C:\WINDOWS\System32\OpenSSH\;C:\Users\GamingDanik\AppData\Local\Microsoft\WindowsApps;;."/>
    <property name="java.vm.info" value="mixed mode"/>
    <property name="java.vendor" value="Oracle Corporation"/>
    <property name="java.vm.version" value="25.181-b13"/>
    <property name="java.ext.dirs" value="C:\Program Files\Java\jdk1.8.0_181\jre\lib\ext;C:\WINDOWS\Sun\Java\lib\ext"/>
    <property name="sun.io.unicode.encoding" value="UnicodeLittle"/>
    <property name="java.class.version" value="52.0"/>
  </properties>
  <testcase name="invalidAttachmentPath" classname="com.emailsystem.test.TestMailModule" time="13.576"/>
  <testcase name="sendEmailWithoutSubject" classname="com.emailsystem.test.TestMailModule" time="39.997"/>
  <testcase name="sendTextFileAsAttachment" classname="com.emailsystem.test.TestMailModule" time="34.993"/>
  <testcase name="sendToMultipleCc" classname="com.emailsystem.test.TestMailModule" time="42.065"/>
  <testcase name="sendingEmailWithNormalAttachment" classname="com.emailsystem.test.TestMailModule" time="28.789"/>
  <testcase name="sendEmailWithInvalidBcc" classname="com.emailsystem.test.TestMailModule" time="6.528"/>
  <testcase name="sendEmailWithMultipleFields" classname="com.emailsystem.test.TestMailModule" time="13.054"/>
  <testcase name="sendEmailWithInvalidCc" classname="com.emailsystem.test.TestMailModule" time="6.657"/>
  <testcase name="sendEmailWithInvalidTo" classname="com.emailsystem.test.TestMailModule" time="7.258"/>
  <testcase name="sendToMultiplePeople" classname="com.emailsystem.test.TestMailModule" time="10.087"/>
  <testcase name="sendAndReceiveTwoEmails" classname="com.emailsystem.test.TestMailModule" time="15.482"/>
  <testcase name="sendEmptyEmail" classname="com.emailsystem.test.TestMailModule" time="6.524"/>
  <testcase name="sendingEmailWithAllAttachments" classname="com.emailsystem.test.TestMailModule" time="12.318"/>
  <testcase name="sendingEmailWithMultipleAttachments" classname="com.emailsystem.test.TestMailModule" time="14.295"/>
  <testcase name="sendEmailWithInvalidFrom" classname="com.emailsystem.test.TestMailModule" time="6.544"/>
  <testcase name="sendingEmailWithoutAttachments" classname="com.emailsystem.test.TestMailModule" time="10.408"/>
</testsuite>